#
# A fatal error has been detected by the Java Runtime Environment:
#
#  SIGSEGV (0xb) at pc=0x000000010bea31b0, pid=79805, tid=17927
#
# JRE version: Java(TM) SE Runtime Environment (8.0_66-b17) (build 1.8.0_66-b17)
# Java VM: Java HotSpot(TM) 64-Bit Server VM (25.66-b17 mixed mode bsd-amd64 compressed oops)
# Problematic frame:
# V  [libjvm.dylib+0x4461b0]
#
# Failed to write core dump. Core dumps have been disabled. To enable core dumping, try "ulimit -c unlimited" before starting Java again
#
# If you would like to submit a bug report, please visit:
#   http://bugreport.java.com/bugreport/crash.jsp
#

---------------  T H R E A D  ---------------

Current thread (0x00007f8767813800):  JavaThread "JDWP Transport Listener: dt_socket" daemon [_thread_in_vm, id=17927, stack(0x0000700001069000,0x0000700001169000)]

siginfo: si_signo: 11 (SIGSEGV), si_code: 0 (unknown), si_addr: 0x0000000000000000

Registers:
RAX=0x0000000000000001, RBX=0x0000700001168a8b, RCX=0x000000010c271310, RDX=0x0000700001168a8b
RSP=0x00007000011689d0, RBP=0x00007000011689e0, RSI=0x00007f8767813800, RDI=0x5063696d616e7944
R8 =0x0000000000000000, R9 =0x00007f87675615d0, R10=0x000007f876756263, R11=0x0000000000000001
R12=0x00007f8767813800, R13=0x5063696d616e7944, R14=0x5063696d616e7944, R15=0x00007f8767605e70
RIP=0x000000010bea31b0, EFLAGS=0x0000000000010206, ERR=0x0000000000000000
  TRAPNO=0x000000000000000d

Top of Stack: (sp=0x00007000011689d0)
0x00007000011689d0:   0000700001168a8b 0000700001168a8b
0x00007000011689e0:   0000700001168a40 000000010bdb22be
0x00007000011689f0:   00007f8767813800 0000000000000000
0x0000700001168a00:   0000000000000000 0000000000000000
0x0000700001168a10:   00007f8767813800 00007f8767813800
0x0000700001168a20:   0000700001168a8b 0000700001168a90
0x0000700001168a30:   5063696d616e7944 0000000000000007
0x0000700001168a40:   0000700001168a60 000000010d255780
0x0000700001168a50:   0000000000000001 0000700001168b08
0x0000700001168a60:   0000700001168ad0 000000010d23a1f3
0x0000700001168a70:   0000700001168aa0 00007f8767563a40
0x0000700001168a80:   0000000800000032 f000100a01168b08
0x0000700001168a90:   0000000000000000 0000000000000000
0x0000700001168aa0:   0000000000000000 0000700001168c90
0x0000700001168ab0:   000000010d25ce7a 00007f8767747ff0
0x0000700001168ac0:   0000700001168b08 000000010d268598
0x0000700001168ad0:   0000700001168ae0 000000010d23a2ec
0x0000700001168ae0:   0000700001168d00 000000010d243898
0x0000700001168af0:   0001346600000013 00000000000f0200
0x0000700001168b00:   00007f876774b3c0 00007f8767567698
0x0000700001168b10:   00007f8700000150 00007f87675633d0
0x0000700001168b20:   00007f870000012c 0000700001168b58
0x0000700001168b30:   00007f87675633d0 0000000000000000
0x0000700001168b40:   000134660000001c 0000000000000080
0x0000700001168b50:   0000700001168b58 877f000008000000
0x0000700001168b60:   0900000078867467 6269726373627573
0x0000700001168b70:   634c283600000065 72657078652f6d6f
0x0000700001168b80:   76616a2f636e696f 624f2f7473657461
0x0000700001168b90:   293b726576726573 6f692f6176616a4c
0x0000700001168ba0:   626165736f6c432f 283b0000003b656c
0x0000700001168bb0:   7078652f6d6f634c 6a2f636e696f7265
0x0000700001168bc0:   2f74736574617661 726576726573624f 

Instructions: (pc=0x000000010bea31b0)
0x000000010bea3190:   40 48 48 85 c0 75 e0 30 c0 0f b6 c0 5d c3 31 c0
0x000000010bea31a0:   5d c3 55 48 89 e5 53 48 83 ec 08 48 85 ff 74 24
0x000000010bea31b0:   48 8b 1f 48 85 db 74 1c 48 83 fb 37 74 16 48 8b
0x000000010bea31c0:   03 48 89 df ff 50 10 84 c0 b8 00 00 00 00 48 0f 

Register to memory mapping:

RAX=0x0000000000000001 is an unknown value
RBX=0x0000700001168a8b is pointing into the stack for thread: 0x00007f8767813800
RCX=0x000000010c271310: UseMembar+0 in /Library/Java/JavaVirtualMachines/jdk1.8.0_66.jdk/Contents/Home/jre/lib/server/libjvm.dylib at 0x000000010ba5d000
RDX=0x0000700001168a8b is pointing into the stack for thread: 0x00007f8767813800
RSP=0x00007000011689d0 is pointing into the stack for thread: 0x00007f8767813800
RBP=0x00007000011689e0 is pointing into the stack for thread: 0x00007f8767813800
RSI=0x00007f8767813800 is a thread
RDI=0x5063696d616e7944 is an unknown value
R8 =0x0000000000000000 is an unknown value
R9 =0x00007f87675615d0 is an unknown value
R10=0x000007f876756263 is an unknown value
R11=0x0000000000000001 is an unknown value
R12=0x00007f8767813800 is a thread
R13=0x5063696d616e7944 is an unknown value
R14=0x5063696d616e7944 is an unknown value
R15=0x00007f8767605e70 is an unknown value


Stack: [0x0000700001069000,0x0000700001169000],  sp=0x00007000011689d0,  free space=1022k
Native frames: (J=compiled Java code, j=interpreted, Vv=VM code, C=native code)
V  [libjvm.dylib+0x4461b0]
V  [libjvm.dylib+0x3552be]
C  [libjdwp.dylib+0x20780]  isMethodSynthetic+0x63
C  [libjdwp.dylib+0x51f3]  methods1+0x10b
C  [libjdwp.dylib+0x52ec]  methodsWithGeneric+0xe
C  [libjdwp.dylib+0xe898]  debugLoop_run+0x1ce
C  [libjdwp.dylib+0x1f6ba]  attachThread+0x4d
V  [libjvm.dylib+0x39661c]
V  [libjvm.dylib+0x560b83]
V  [libjvm.dylib+0x56227e]
V  [libjvm.dylib+0x482cd6]
C  [libsystem_pthread.dylib+0x3661]  _pthread_body+0x154
C  [libsystem_pthread.dylib+0x350d]  _pthread_body+0x0
C  [libsystem_pthread.dylib+0x2bf9]  thread_start+0xd
C  0x0000000000000000


---------------  P R O C E S S  ---------------

Java Threads: ( => current thread )
  0x00007f87690b1000 JavaThread "ReaderThread" [_thread_in_native, id=15363, stack(0x0000700001881000,0x0000700001981000)]
  0x00007f8767814800 JavaThread "Service Thread" daemon [_thread_blocked, id=16643, stack(0x000070000167b000,0x000070000177b000)]
  0x00007f876802e000 JavaThread "C1 CompilerThread2" daemon [_thread_blocked, id=14595, stack(0x0000700001578000,0x0000700001678000)]
  0x00007f8769016000 JavaThread "C2 CompilerThread1" daemon [_thread_blocked, id=14339, stack(0x0000700001475000,0x0000700001575000)]
  0x00007f876802f000 JavaThread "C2 CompilerThread0" daemon [_thread_blocked, id=17155, stack(0x0000700001372000,0x0000700001472000)]
  0x00007f876802d000 JavaThread "JDWP Command Reader" daemon [_thread_in_native, id=13827, stack(0x000070000126f000,0x000070000136f000)]
  0x00007f8768027800 JavaThread "JDWP Event Helper Thread" daemon [_thread_blocked, id=13571, stack(0x000070000116c000,0x000070000126c000)]
=>0x00007f8767813800 JavaThread "JDWP Transport Listener: dt_socket" daemon [_thread_in_vm, id=17927, stack(0x0000700001069000,0x0000700001169000)]
  0x00007f8767810000 JavaThread "Signal Dispatcher" daemon [_thread_blocked, id=13063, stack(0x0000700000f66000,0x0000700001066000)]
  0x00007f8768850800 JavaThread "Finalizer" daemon [_thread_blocked, id=11523, stack(0x0000700000de0000,0x0000700000ee0000)]
  0x00007f876884f800 JavaThread "Reference Handler" daemon [_thread_blocked, id=20739, stack(0x0000700000cdd000,0x0000700000ddd000)]
  0x00007f876800d000 JavaThread "main" [_thread_blocked, id=6147, stack(0x00007000006cb000,0x00007000007cb000)]

Other Threads:
  0x00007f876801d800 VMThread [stack: 0x0000700000bda000,0x0000700000cda000] [id=11267]
  0x00007f876885b800 WatcherThread [stack: 0x000070000177e000,0x000070000187e000] [id=16387]

VM state:not at safepoint (normal execution)

VM Mutex/Monitor currently owned by a thread: None

Heap:
 PSYoungGen      total 38400K, used 21303K [0x0000000795580000, 0x0000000798000000, 0x00000007c0000000)
  eden space 33280K, 64% used [0x0000000795580000,0x0000000796a4df00,0x0000000797600000)
  from space 5120K, 0% used [0x0000000797b00000,0x0000000797b00000,0x0000000798000000)
  to   space 5120K, 0% used [0x0000000797600000,0x0000000797600000,0x0000000797b00000)
 ParOldGen       total 87552K, used 0K [0x0000000740000000, 0x0000000745580000, 0x0000000795580000)
  object space 87552K, 0% used [0x0000000740000000,0x0000000740000000,0x0000000745580000)
 Metaspace       used 8141K, capacity 8798K, committed 8960K, reserved 1056768K
  class space    used 1034K, capacity 1185K, committed 1280K, reserved 1048576K

Card table byte_map: [0x000000010d689000,0x000000010da8a000] byte_map_base: 0x0000000109c89000

Marking Bits: (ParMarkBitMap*) 0x000000010c33ae20
 Begin Bits: [0x000000010dd35000, 0x000000010fd35000)
 End Bits:   [0x000000010fd35000, 0x0000000111d35000)

Polling page: 0x000000010c9f1000

CodeCache: size=245760Kb used=3099Kb max_used=3099Kb free=242660Kb
 bounds [0x0000000113384000, 0x0000000113694000, 0x0000000122384000]
 total_blobs=1110 nmethods=827 adapters=205
 compilation: enabled

Compilation events (10 events):
Event: 1.244 Thread 0x00007f876802e000  823       3       java.io.DataOutputStream::writeUTF (435 bytes)
Event: 1.246 Thread 0x00007f876802e000 nmethod 823 0x00000001136857d0 code [0x0000000113685b00, 0x0000000113687648]
Event: 1.250 Thread 0x00007f876802e000  824       3       java.lang.invoke.MemberName::<init> (131 bytes)
Event: 1.251 Thread 0x00007f876802e000 nmethod 824 0x0000000113688650 code [0x0000000113688940, 0x0000000113689d58]
Event: 1.251 Thread 0x00007f876802e000  825       3       java.lang.invoke.MemberName::hashCode (39 bytes)
Event: 1.252 Thread 0x00007f876802e000 nmethod 825 0x000000011368a690 code [0x000000011368a8a0, 0x000000011368b648]
Event: 1.252 Thread 0x00007f876802e000  826       1       org.junit.platform.engine.UniqueId$Segment::getType (5 bytes)
Event: 1.252 Thread 0x00007f876802e000 nmethod 826 0x000000011368bad0 code [0x000000011368bc20, 0x000000011368bd30]
Event: 1.252 Thread 0x00007f876802e000  827       1       org.junit.platform.engine.UniqueId$Segment::getValue (5 bytes)
Event: 1.252 Thread 0x00007f876802e000 nmethod 827 0x000000011368bd90 code [0x000000011368bee0, 0x000000011368bff0]

GC Heap History (0 events):
No events

Deoptimization events (2 events):
Event: 0.346 Thread 0x00007f876800d000 Uncommon trap: reason=unstable_if action=reinterpret pc=0x00000001134b691c method=java.lang.String.indexOf(II)I @ 49
Event: 1.096 Thread 0x00007f876800d000 Uncommon trap: reason=unstable_if action=reinterpret pc=0x0000000113641150 method=jdk.internal.org.objectweb.asm.Type.getArgumentsAndReturnSizes(Ljava/lang/String;)I @ 47

Internal exceptions (10 events):
Event: 0.492 Thread 0x00007f876800d000 Exception <a 'java/security/PrivilegedActionException'> (0x0000000795ab30b0) thrown at [/HUDSON3/workspace/8-2-build-macosx-x86_64/jdk8u66/4988/hotspot/src/share/vm/prims/jvm.cpp, line 1386]
Event: 0.494 Thread 0x00007f876800d000 Exception <a 'java/security/PrivilegedActionException'> (0x0000000795ab65a0) thrown at [/HUDSON3/workspace/8-2-build-macosx-x86_64/jdk8u66/4988/hotspot/src/share/vm/prims/jvm.cpp, line 1386]
Event: 0.494 Thread 0x00007f876800d000 Exception <a 'java/security/PrivilegedActionException'> (0x0000000795ab6998) thrown at [/HUDSON3/workspace/8-2-build-macosx-x86_64/jdk8u66/4988/hotspot/src/share/vm/prims/jvm.cpp, line 1386]
Event: 0.605 Thread 0x00007f876800d000 Exception <a 'java/lang/NoSuchMethodError': java.lang.Object.lambda$or$12(Ljava/util/function/Predicate;Ljava/lang/Object;)Z> (0x0000000795dab208) thrown at [/HUDSON3/workspace/8-2-build-macosx-x86_64/jdk8u66/4988/hotspot/src/share/vm/interpreter/linkReso
Event: 0.656 Thread 0x00007f876800d000 Exception <a 'java/lang/IncompatibleClassChangeError': Found class java.lang.Object, but interface was expected> (0x0000000795f0b920) thrown at [/HUDSON3/workspace/8-2-build-macosx-x86_64/jdk8u66/4988/hotspot/src/share/vm/interpreter/linkResolver.cpp, lin
Event: 0.715 Thread 0x00007f876800d000 Exception <a 'java/lang/NoSuchMethodError': java.lang.Object.lambda$andThen$6(Ljava/util/function/Function;Ljava/lang/Object;)Ljava/lang/Object;> (0x000000079604a548) thrown at [/HUDSON3/workspace/8-2-build-macosx-x86_64/jdk8u66/4988/hotspot/src/share/vm/
Event: 0.779 Thread 0x00007f876800d000 Exception <a 'java/lang/NoSuchMethodError': java.lang.Object.lambda$accept$0(Lorg/junit/platform/engine/TestDescriptor$Visitor;Lorg/junit/platform/engine/TestDescriptor;)V> (0x0000000796126070) thrown at [/HUDSON3/workspace/8-2-build-macosx-x86_64/jdk8u66
Event: 0.783 Thread 0x00007f876800d000 Exception <a 'java/lang/IncompatibleClassChangeError': Found class java.lang.Object, but interface was expected> (0x0000000796136c68) thrown at [/HUDSON3/workspace/8-2-build-macosx-x86_64/jdk8u66/4988/hotspot/src/share/vm/interpreter/linkResolver.cpp, lin
Event: 0.786 Thread 0x00007f876800d000 Exception <a 'java/lang/NoSuchMethodError': java.lang.Object.containsTests(Lorg/junit/platform/engine/TestDescriptor;)Z> (0x00000007961405b8) thrown at [/HUDSON3/workspace/8-2-build-macosx-x86_64/jdk8u66/4988/hotspot/src/share/vm/interpreter/linkResolver.
Event: 1.046 Thread 0x00007f876800d000 Exception <a 'java/lang/NoSuchMethodError': java.lang.Object.lambda$isEqual$13(Ljava/lang/Object;Ljava/lang/Object;)Z> (0x000000079655a698) thrown at [/HUDSON3/workspace/8-2-build-macosx-x86_64/jdk8u66/4988/hotspot/src/share/vm/interpreter/linkResolver.cp

Events (10 events):
Event: 17.433 Executing VM operation: GetOrSetLocal
Event: 17.433 Executing VM operation: GetOrSetLocal done
Event: 28.224 Executing VM operation: ChangeBreakpoints
Event: 28.224 Executing VM operation: ChangeBreakpoints done
Event: 120.579 Executing VM operation: GetOrSetLocal
Event: 120.580 Executing VM operation: GetOrSetLocal done
Event: 120.582 Executing VM operation: GetOrSetLocal
Event: 120.582 Executing VM operation: GetOrSetLocal done
Event: 151.487 Executing VM operation: RedefineClasses
Event: 151.520 Executing VM operation: RedefineClasses done


Dynamic libraries:
0x0000000019d82000 	/System/Library/Frameworks/Cocoa.framework/Versions/A/Cocoa
0x0000000019d82000 	/System/Library/Frameworks/Security.framework/Versions/A/Security
0x0000000019d82000 	/System/Library/Frameworks/ApplicationServices.framework/Versions/A/ApplicationServices
0x0000000019d82000 	/usr/lib/libz.1.dylib
0x0000000019d82000 	/usr/lib/libSystem.B.dylib
0x0000000019d82000 	/usr/lib/libobjc.A.dylib
0x0000000019d82000 	/System/Library/Frameworks/CoreFoundation.framework/Versions/A/CoreFoundation
0x0000000019d82000 	/System/Library/Frameworks/Foundation.framework/Versions/C/Foundation
0x0000000019d82000 	/System/Library/Frameworks/AppKit.framework/Versions/C/AppKit
0x0000000019d82000 	/System/Library/Frameworks/CoreData.framework/Versions/A/CoreData
0x0000000019d82000 	/System/Library/PrivateFrameworks/RemoteViewServices.framework/Versions/A/RemoteViewServices
0x0000000019d82000 	/System/Library/PrivateFrameworks/UIFoundation.framework/Versions/A/UIFoundation
0x0000000019d82000 	/System/Library/PrivateFrameworks/DFRFoundation.framework/Versions/A/DFRFoundation
0x0000000019d82000 	/System/Library/Frameworks/Metal.framework/Versions/A/Metal
0x0000000019d82000 	/System/Library/PrivateFrameworks/DesktopServicesPriv.framework/Versions/A/DesktopServicesPriv
0x0000000019d82000 	/usr/lib/libenergytrace.dylib
0x0000000019d82000 	/System/Library/PrivateFrameworks/SkyLight.framework/Versions/A/SkyLight
0x0000000019d82000 	/System/Library/Frameworks/CoreGraphics.framework/Versions/A/CoreGraphics
0x0000000019d82000 	/usr/lib/libScreenReader.dylib
0x0000000019d82000 	/System/Library/Frameworks/Accelerate.framework/Versions/A/Accelerate
0x0000000019d82000 	/System/Library/Frameworks/IOSurface.framework/Versions/A/IOSurface
0x0000000019d82000 	/System/Library/Frameworks/AudioToolbox.framework/Versions/A/AudioToolbox
0x0000000019d82000 	/System/Library/Frameworks/AudioUnit.framework/Versions/A/AudioUnit
0x0000000019d82000 	/System/Library/PrivateFrameworks/DataDetectorsCore.framework/Versions/A/DataDetectorsCore
0x0000000019d82000 	/System/Library/Frameworks/Carbon.framework/Versions/A/Frameworks/HIToolbox.framework/Versions/A/HIToolbox
0x0000000019d82000 	/usr/lib/libicucore.A.dylib
0x0000000019d82000 	/System/Library/Frameworks/QuartzCore.framework/Versions/A/QuartzCore
0x0000000019d82000 	/System/Library/PrivateFrameworks/SignpostNotification.framework/Versions/A/SignpostNotification
0x0000000019d82000 	/System/Library/Frameworks/Carbon.framework/Versions/A/Frameworks/SpeechRecognition.framework/Versions/A/SpeechRecognition
0x0000000019d82000 	/usr/lib/libauto.dylib
0x0000000019d82000 	/usr/lib/libxml2.2.dylib
0x0000000019d82000 	/System/Library/PrivateFrameworks/CoreUI.framework/Versions/A/CoreUI
0x0000000019d82000 	/System/Library/Frameworks/CoreAudio.framework/Versions/A/CoreAudio
0x0000000019d82000 	/System/Library/Frameworks/DiskArbitration.framework/Versions/A/DiskArbitration
0x0000000019d82000 	/usr/lib/liblangid.dylib
0x0000000019d82000 	/System/Library/PrivateFrameworks/MultitouchSupport.framework/Versions/A/MultitouchSupport
0x0000000019d82000 	/System/Library/Frameworks/IOKit.framework/Versions/A/IOKit
0x0000000019d82000 	/usr/lib/libDiagnosticMessagesClient.dylib
0x0000000019d82000 	/System/Library/Frameworks/CoreServices.framework/Versions/A/CoreServices
0x0000000019d82000 	/System/Library/PrivateFrameworks/PerformanceAnalysis.framework/Versions/A/PerformanceAnalysis
0x0000000019d82000 	/System/Library/Frameworks/OpenGL.framework/Versions/A/OpenGL
0x0000000019d82000 	/System/Library/Frameworks/ColorSync.framework/Versions/A/ColorSync
0x0000000019d82000 	/System/Library/Frameworks/CoreImage.framework/Versions/A/CoreImage
0x0000000019d82000 	/System/Library/Frameworks/CoreText.framework/Versions/A/CoreText
0x0000000019d82000 	/System/Library/Frameworks/ImageIO.framework/Versions/A/ImageIO
0x0000000019d82000 	/System/Library/PrivateFrameworks/Backup.framework/Versions/A/Backup
0x0000000019d82000 	/usr/lib/libarchive.2.dylib
0x0000000019d82000 	/System/Library/Frameworks/CFNetwork.framework/Versions/A/CFNetwork
0x0000000019d82000 	/System/Library/Frameworks/SystemConfiguration.framework/Versions/A/SystemConfiguration
0x0000000019d82000 	/usr/lib/libCRFSuite.dylib
0x0000000019d82000 	/usr/lib/libc++.1.dylib
0x0000000019d82000 	/usr/lib/libc++abi.dylib
0x0000000019d82000 	/usr/lib/system/libcache.dylib
0x0000000019d82000 	/usr/lib/system/libcommonCrypto.dylib
0x0000000019d82000 	/usr/lib/system/libcompiler_rt.dylib
0x0000000019d82000 	/usr/lib/system/libcopyfile.dylib
0x0000000019d82000 	/usr/lib/system/libcorecrypto.dylib
0x0000000019d82000 	/usr/lib/system/libdispatch.dylib
0x0000000019d82000 	/usr/lib/system/libdyld.dylib
0x0000000019d82000 	/usr/lib/system/libkeymgr.dylib
0x0000000019d82000 	/usr/lib/system/liblaunch.dylib
0x0000000019d82000 	/usr/lib/system/libmacho.dylib
0x0000000019d82000 	/usr/lib/system/libquarantine.dylib
0x0000000019d82000 	/usr/lib/system/libremovefile.dylib
0x0000000019d82000 	/usr/lib/system/libsystem_asl.dylib
0x0000000019d82000 	/usr/lib/system/libsystem_blocks.dylib
0x0000000019d82000 	/usr/lib/system/libsystem_c.dylib
0x0000000019d82000 	/usr/lib/system/libsystem_configuration.dylib
0x0000000019d82000 	/usr/lib/system/libsystem_coreservices.dylib
0x0000000019d82000 	/usr/lib/system/libsystem_darwin.dylib
0x0000000019d82000 	/usr/lib/system/libsystem_dnssd.dylib
0x0000000019d82000 	/usr/lib/system/libsystem_info.dylib
0x0000000019d82000 	/usr/lib/system/libsystem_m.dylib
0x0000000019d82000 	/usr/lib/system/libsystem_malloc.dylib
0x0000000019d82000 	/usr/lib/system/libsystem_network.dylib
0x0000000019d82000 	/usr/lib/system/libsystem_networkextension.dylib
0x0000000019d82000 	/usr/lib/system/libsystem_notify.dylib
0x0000000019d82000 	/usr/lib/system/libsystem_sandbox.dylib
0x0000000019d82000 	/usr/lib/system/libsystem_secinit.dylib
0x0000000019d82000 	/usr/lib/system/libsystem_kernel.dylib
0x0000000019d82000 	/usr/lib/system/libsystem_platform.dylib
0x0000000019d82000 	/usr/lib/system/libsystem_pthread.dylib
0x0000000019d82000 	/usr/lib/system/libsystem_symptoms.dylib
0x0000000019d82000 	/usr/lib/system/libsystem_trace.dylib
0x0000000019d82000 	/usr/lib/system/libunwind.dylib
0x0000000019d82000 	/usr/lib/system/libxpc.dylib
0x0000000019d82000 	/usr/lib/closure/libclosured.dylib
0x0000000019d82000 	/usr/lib/libbsm.0.dylib
0x0000000019d82000 	/usr/lib/system/libkxld.dylib
0x0000000019d82000 	/usr/lib/libOpenScriptingUtil.dylib
0x0000000019d82000 	/usr/lib/libcoretls.dylib
0x0000000019d82000 	/usr/lib/libcoretls_cfhelpers.dylib
0x0000000019d82000 	/usr/lib/libpam.2.dylib
0x0000000019d82000 	/usr/lib/libsqlite3.dylib
0x0000000019d82000 	/usr/lib/libxar.1.dylib
0x0000000019d82000 	/usr/lib/libbz2.1.0.dylib
0x0000000019d82000 	/usr/lib/liblzma.5.dylib
0x0000000019d82000 	/usr/lib/libnetwork.dylib
0x0000000019d82000 	/usr/lib/libapple_nghttp2.dylib
0x0000000019d82000 	/usr/lib/libpcap.A.dylib
0x0000000019d82000 	/usr/lib/libboringssl.dylib
0x0000000019d82000 	/usr/lib/libusrtcp.dylib
0x0000000019d82000 	/usr/lib/libapple_crypto.dylib
0x0000000019d82000 	/System/Library/Frameworks/CoreServices.framework/Versions/A/Frameworks/FSEvents.framework/Versions/A/FSEvents
0x0000000019d82000 	/System/Library/Frameworks/CoreServices.framework/Versions/A/Frameworks/CarbonCore.framework/Versions/A/CarbonCore
0x0000000019d82000 	/System/Library/Frameworks/CoreServices.framework/Versions/A/Frameworks/Metadata.framework/Versions/A/Metadata
0x0000000019d82000 	/System/Library/Frameworks/CoreServices.framework/Versions/A/Frameworks/OSServices.framework/Versions/A/OSServices
0x0000000019d82000 	/System/Library/Frameworks/CoreServices.framework/Versions/A/Frameworks/SearchKit.framework/Versions/A/SearchKit
0x0000000019d82000 	/System/Library/Frameworks/CoreServices.framework/Versions/A/Frameworks/AE.framework/Versions/A/AE
0x0000000019d82000 	/System/Library/Frameworks/CoreServices.framework/Versions/A/Frameworks/LaunchServices.framework/Versions/A/LaunchServices
0x0000000019d82000 	/System/Library/Frameworks/CoreServices.framework/Versions/A/Frameworks/DictionaryServices.framework/Versions/A/DictionaryServices
0x0000000019d82000 	/System/Library/Frameworks/CoreServices.framework/Versions/A/Frameworks/SharedFileList.framework/Versions/A/SharedFileList
0x0000000019d82000 	/System/Library/Frameworks/NetFS.framework/Versions/A/NetFS
0x0000000019d82000 	/System/Library/PrivateFrameworks/NetAuth.framework/Versions/A/NetAuth
0x0000000019d82000 	/System/Library/PrivateFrameworks/login.framework/Versions/A/Frameworks/loginsupport.framework/Versions/A/loginsupport
0x0000000019d82000 	/System/Library/PrivateFrameworks/TCC.framework/Versions/A/TCC
0x0000000019d82000 	/usr/lib/libmecabra.dylib
0x0000000019d82000 	/System/Library/Frameworks/ApplicationServices.framework/Versions/A/Frameworks/ATS.framework/Versions/A/ATS
0x0000000019d82000 	/System/Library/Frameworks/ApplicationServices.framework/Versions/A/Frameworks/ColorSyncLegacy.framework/Versions/A/ColorSyncLegacy
0x0000000019d82000 	/System/Library/Frameworks/ApplicationServices.framework/Versions/A/Frameworks/HIServices.framework/Versions/A/HIServices
0x0000000019d82000 	/System/Library/Frameworks/ApplicationServices.framework/Versions/A/Frameworks/LangAnalysis.framework/Versions/A/LangAnalysis
0x0000000019d82000 	/System/Library/Frameworks/ApplicationServices.framework/Versions/A/Frameworks/PrintCore.framework/Versions/A/PrintCore
0x0000000019d82000 	/System/Library/Frameworks/ApplicationServices.framework/Versions/A/Frameworks/QD.framework/Versions/A/QD
0x0000000019d82000 	/System/Library/Frameworks/ApplicationServices.framework/Versions/A/Frameworks/SpeechSynthesis.framework/Versions/A/SpeechSynthesis
0x0000000019d82000 	/System/Library/Frameworks/CoreDisplay.framework/Versions/A/CoreDisplay
0x0000000019d82000 	/System/Library/Frameworks/Accelerate.framework/Versions/A/Frameworks/vImage.framework/Versions/A/vImage
0x0000000019d82000 	/System/Library/Frameworks/Accelerate.framework/Versions/A/Frameworks/vecLib.framework/Versions/A/vecLib
0x0000000019d82000 	/System/Library/Frameworks/Accelerate.framework/Versions/A/Frameworks/vecLib.framework/Versions/A/libvDSP.dylib
0x0000000019d82000 	/System/Library/Frameworks/Accelerate.framework/Versions/A/Frameworks/vecLib.framework/Versions/A/libBNNS.dylib
0x0000000019d82000 	/System/Library/Frameworks/Accelerate.framework/Versions/A/Frameworks/vecLib.framework/Versions/A/libQuadrature.dylib
0x0000000019d82000 	/System/Library/Frameworks/Accelerate.framework/Versions/A/Frameworks/vecLib.framework/Versions/A/libvMisc.dylib
0x0000000019d82000 	/System/Library/Frameworks/Accelerate.framework/Versions/A/Frameworks/vecLib.framework/Versions/A/libLAPACK.dylib
0x0000000019d82000 	/System/Library/Frameworks/Accelerate.framework/Versions/A/Frameworks/vecLib.framework/Versions/A/libBLAS.dylib
0x0000000019d82000 	/System/Library/Frameworks/Accelerate.framework/Versions/A/Frameworks/vecLib.framework/Versions/A/libLinearAlgebra.dylib
0x0000000019d82000 	/System/Library/Frameworks/Accelerate.framework/Versions/A/Frameworks/vecLib.framework/Versions/A/libSparse.dylib
0x0000000019d82000 	/System/Library/Frameworks/Accelerate.framework/Versions/A/Frameworks/vecLib.framework/Versions/A/libSparseBLAS.dylib
0x0000000019d82000 	/System/Library/PrivateFrameworks/GPUWrangler.framework/Versions/A/GPUWrangler
0x0000000019d82000 	/System/Library/PrivateFrameworks/IOAccelerator.framework/Versions/A/IOAccelerator
0x0000000019d82000 	/System/Library/PrivateFrameworks/IOPresentment.framework/Versions/A/IOPresentment
0x0000000019d82000 	/System/Library/PrivateFrameworks/DSExternalDisplay.framework/Versions/A/DSExternalDisplay
0x0000000019d82000 	/System/Library/Frameworks/OpenGL.framework/Versions/A/Libraries/libCoreFSCache.dylib
0x0000000019d82000 	/System/Library/Frameworks/CoreVideo.framework/Versions/A/CoreVideo
0x0000000019d82000 	/System/Library/PrivateFrameworks/GraphVisualizer.framework/Versions/A/GraphVisualizer
0x0000000019d82000 	/System/Library/Frameworks/MetalPerformanceShaders.framework/Versions/A/MetalPerformanceShaders
0x0000000019d82000 	/usr/lib/libFosl_dynamic.dylib
0x0000000019d82000 	/System/Library/PrivateFrameworks/FaceCore.framework/Versions/A/FaceCore
0x0000000019d82000 	/System/Library/Frameworks/OpenCL.framework/Versions/A/OpenCL
0x0000000019d82000 	/usr/lib/libcompression.dylib
0x0000000019d82000 	/System/Library/Frameworks/ApplicationServices.framework/Versions/A/Frameworks/ATS.framework/Versions/A/Resources/libFontParser.dylib
0x0000000019d82000 	/System/Library/Frameworks/ApplicationServices.framework/Versions/A/Frameworks/ATS.framework/Versions/A/Resources/libFontRegistry.dylib
0x0000000019d82000 	/System/Library/Frameworks/ImageIO.framework/Versions/A/Resources/libJPEG.dylib
0x0000000019d82000 	/System/Library/Frameworks/ImageIO.framework/Versions/A/Resources/libTIFF.dylib
0x0000000019d82000 	/System/Library/Frameworks/ImageIO.framework/Versions/A/Resources/libPng.dylib
0x0000000019d82000 	/System/Library/Frameworks/ImageIO.framework/Versions/A/Resources/libGIF.dylib
0x0000000019d82000 	/System/Library/Frameworks/ImageIO.framework/Versions/A/Resources/libJP2.dylib
0x0000000019d82000 	/System/Library/Frameworks/ImageIO.framework/Versions/A/Resources/libRadiance.dylib
0x0000000019d82000 	/System/Library/PrivateFrameworks/AppleJPEG.framework/Versions/A/AppleJPEG
0x0000000019d82000 	/System/Library/Frameworks/MetalPerformanceShaders.framework/Frameworks/MPSCore.framework/Versions/A/MPSCore
0x0000000019d82000 	/System/Library/Frameworks/MetalPerformanceShaders.framework/Frameworks/MPSImage.framework/Versions/A/MPSImage
0x0000000019d82000 	/System/Library/Frameworks/MetalPerformanceShaders.framework/Frameworks/MPSNeuralNetwork.framework/Versions/A/MPSNeuralNetwork
0x0000000019d82000 	/System/Library/Frameworks/MetalPerformanceShaders.framework/Frameworks/MPSMatrix.framework/Versions/A/MPSMatrix
0x0000000019d82000 	/System/Library/PrivateFrameworks/MetalTools.framework/Versions/A/MetalTools
0x0000000019d82000 	/System/Library/Frameworks/OpenGL.framework/Versions/A/Libraries/libGLU.dylib
0x0000000019d82000 	/System/Library/Frameworks/OpenGL.framework/Versions/A/Libraries/libGFXShared.dylib
0x0000000019d82000 	/System/Library/Frameworks/OpenGL.framework/Versions/A/Libraries/libGL.dylib
0x0000000019d82000 	/System/Library/Frameworks/OpenGL.framework/Versions/A/Libraries/libGLImage.dylib
0x0000000019d82000 	/System/Library/Frameworks/OpenGL.framework/Versions/A/Libraries/libCVMSPluginSupport.dylib
0x0000000019d82000 	/System/Library/Frameworks/OpenGL.framework/Versions/A/Libraries/libCoreVMClient.dylib
0x0000000019d82000 	/usr/lib/libcups.2.dylib
0x0000000019d82000 	/System/Library/Frameworks/Kerberos.framework/Versions/A/Kerberos
0x0000000019d82000 	/System/Library/Frameworks/GSS.framework/Versions/A/GSS
0x0000000019d82000 	/usr/lib/libresolv.9.dylib
0x0000000019d82000 	/usr/lib/libiconv.2.dylib
0x0000000019d82000 	/System/Library/PrivateFrameworks/Heimdal.framework/Versions/A/Heimdal
0x0000000019d82000 	/usr/lib/libheimdal-asn1.dylib
0x0000000019d82000 	/System/Library/Frameworks/OpenDirectory.framework/Versions/A/OpenDirectory
0x0000000019d82000 	/System/Library/PrivateFrameworks/CommonAuth.framework/Versions/A/CommonAuth
0x0000000019d82000 	/System/Library/Frameworks/OpenDirectory.framework/Versions/A/Frameworks/CFOpenDirectory.framework/Versions/A/CFOpenDirectory
0x0000000019d82000 	/System/Library/Frameworks/SecurityFoundation.framework/Versions/A/SecurityFoundation
0x0000000019d82000 	/System/Library/PrivateFrameworks/APFS.framework/Versions/A/APFS
0x0000000019d82000 	/usr/lib/libutil.dylib
0x0000000019d82000 	/System/Library/PrivateFrameworks/AppleSauce.framework/Versions/A/AppleSauce
0x0000000019d82000 	/System/Library/PrivateFrameworks/LinguisticData.framework/Versions/A/LinguisticData
0x0000000019d82000 	/usr/lib/libmarisa.dylib
0x0000000019d82000 	/System/Library/PrivateFrameworks/Lexicon.framework/Versions/A/Lexicon
0x0000000019d82000 	/usr/lib/libChineseTokenizer.dylib
0x0000000019d82000 	/usr/lib/libcmph.dylib
0x0000000019d82000 	/System/Library/PrivateFrameworks/LanguageModeling.framework/Versions/A/LanguageModeling
0x0000000019d82000 	/System/Library/PrivateFrameworks/CoreEmoji.framework/Versions/A/CoreEmoji
0x0000000019d82000 	/System/Library/Frameworks/ServiceManagement.framework/Versions/A/ServiceManagement
0x0000000019d82000 	/System/Library/PrivateFrameworks/BackgroundTaskManagement.framework/Versions/A/BackgroundTaskManagement
0x0000000019d82000 	/usr/lib/libxslt.1.dylib
0x0000000019d82000 	/System/Library/Frameworks/Carbon.framework/Versions/A/Frameworks/Ink.framework/Versions/A/Ink
0x0000000019d82000 	/System/Library/PrivateFrameworks/TextureIO.framework/Versions/A/TextureIO
0x0000000019d82000 	/usr/lib/libate.dylib
0x0000000019d82000 	/System/Library/PrivateFrameworks/CrashReporterSupport.framework/Versions/A/CrashReporterSupport
0x0000000019d82000 	/System/Library/PrivateFrameworks/Sharing.framework/Versions/A/Sharing
0x0000000019d82000 	/System/Library/PrivateFrameworks/IconServices.framework/Versions/A/IconServices
0x0000000019d82000 	/System/Library/PrivateFrameworks/Apple80211.framework/Versions/A/Apple80211
0x0000000019d82000 	/System/Library/PrivateFrameworks/CoreUtils.framework/Versions/A/CoreUtils
0x0000000019d82000 	/System/Library/Frameworks/CoreWLAN.framework/Versions/A/CoreWLAN
0x0000000019d82000 	/System/Library/Frameworks/IOBluetooth.framework/Versions/A/IOBluetooth
0x0000000019d82000 	/System/Library/PrivateFrameworks/ProtocolBuffer.framework/Versions/A/ProtocolBuffer
0x0000000019d82000 	/System/Library/PrivateFrameworks/CoreWiFi.framework/Versions/A/CoreWiFi
0x0000000019d82000 	/System/Library/Frameworks/CoreBluetooth.framework/Versions/A/CoreBluetooth
0x0000000019d82000 	/System/Library/PrivateFrameworks/DebugSymbols.framework/Versions/A/DebugSymbols
0x0000000019d82000 	/System/Library/PrivateFrameworks/CoreSymbolication.framework/Versions/A/CoreSymbolication
0x0000000019d82000 	/System/Library/PrivateFrameworks/Symbolication.framework/Versions/A/Symbolication
0x0000000019d82000 	/System/Library/PrivateFrameworks/AppleFSCompression.framework/Versions/A/AppleFSCompression
0x0000000019d82000 	/System/Library/PrivateFrameworks/SpeechRecognitionCore.framework/Versions/A/SpeechRecognitionCore
0x000000010ba5d000 	/Library/Java/JavaVirtualMachines/jdk1.8.0_66.jdk/Contents/Home/jre/lib/server/libjvm.dylib
0x0000000019d82000 	/usr/lib/libstdc++.6.0.9.dylib
0x000000010c9e3000 	/Library/Java/JavaVirtualMachines/jdk1.8.0_66.jdk/Contents/Home/jre/lib/libverify.dylib
0x000000010d200000 	/Library/Java/JavaVirtualMachines/jdk1.8.0_66.jdk/Contents/Home/jre/lib/libjava.dylib
0x000000010d235000 	/Library/Java/JavaVirtualMachines/jdk1.8.0_66.jdk/Contents/Home/jre/lib/libjdwp.dylib
0x000000010c9f2000 	/Library/Java/JavaVirtualMachines/jdk1.8.0_66.jdk/Contents/Home/jre/lib/libnpt.dylib
0x000000010d2c0000 	/Library/Java/JavaVirtualMachines/jdk1.8.0_66.jdk/Contents/Home/jre/lib/libzip.dylib
0x0000000019d82000 	/System/Library/Frameworks/JavaVM.framework/Versions/A/Frameworks/JavaRuntimeSupport.framework/Versions/A/JavaRuntimeSupport
0x0000000019d82000 	/System/Library/Frameworks/JavaVM.framework/Versions/A/Frameworks/JavaNativeFoundation.framework/Versions/A/JavaNativeFoundation
0x0000000019d82000 	/System/Library/Frameworks/JavaVM.framework/Versions/A/JavaVM
0x0000000019d82000 	/System/Library/Frameworks/Carbon.framework/Versions/A/Carbon
0x0000000019d82000 	/System/Library/PrivateFrameworks/JavaLaunching.framework/Versions/A/JavaLaunching
0x0000000019d82000 	/System/Library/Frameworks/Carbon.framework/Versions/A/Frameworks/CommonPanels.framework/Versions/A/CommonPanels
0x0000000019d82000 	/System/Library/Frameworks/Carbon.framework/Versions/A/Frameworks/Help.framework/Versions/A/Help
0x0000000019d82000 	/System/Library/Frameworks/Carbon.framework/Versions/A/Frameworks/ImageCapture.framework/Versions/A/ImageCapture
0x0000000019d82000 	/System/Library/Frameworks/Carbon.framework/Versions/A/Frameworks/OpenScripting.framework/Versions/A/OpenScripting
0x0000000019d82000 	/System/Library/Frameworks/Carbon.framework/Versions/A/Frameworks/Print.framework/Versions/A/Print
0x0000000019d82000 	/System/Library/Frameworks/Carbon.framework/Versions/A/Frameworks/SecurityHI.framework/Versions/A/SecurityHI
0x00000001132d3000 	/Library/Java/JavaVirtualMachines/jdk1.8.0_66.jdk/Contents/Home/jre/lib/libdt_socket.dylib
0x00000001246e1000 	/Library/Java/JavaVirtualMachines/jdk1.8.0_66.jdk/Contents/Home/jre/lib/libnet.dylib

VM Arguments:
jvm_args: -agentlib:jdwp=transport=dt_socket,suspend=y,address=localhost:61842 -ea -Dfile.encoding=UTF-8 
java_command: org.eclipse.jdt.internal.junit.runner.RemoteTestRunner -version 3 -port 61841 -testLoaderClass org.eclipse.jdt.internal.junit5.runner.JUnit5TestLoader -loaderpluginname org.eclipse.jdt.junit5.runtime -classNames com.experoinc.javatest.TestSet1Basic_CalculatedProperties
java_class_path (initial): /Library/Java/JavaVirtualMachines/jdk1.8.0_66.jdk/Contents/Home/jre/lib/resources.jar:/Library/Java/JavaVirtualMachines/jdk1.8.0_66.jdk/Contents/Home/jre/lib/rt.jar:/Library/Java/JavaVirtualMachines/jdk1.8.0_66.jdk/Contents/Home/jre/lib/jsse.jar:/Library/Java/JavaVirtualMachines/jdk1.8.0_66.jdk/Contents/Home/jre/lib/jce.jar:/Library/Java/JavaVirtualMachines/jdk1.8.0_66.jdk/Contents/Home/jre/lib/charsets.jar:/Library/Java/JavaVirtualMachines/jdk1.8.0_66.jdk/Contents/Home/jre/lib/jfr.jar:/Library/Java/JavaVirtualMachines/jdk1.8.0_66.jdk/Contents/Home/jre/lib/ext/sunec.jar:/Library/Java/JavaVirtualMachines/jdk1.8.0_66.jdk/Contents/Home/jre/lib/ext/nashorn.jar:/Library/Java/JavaVirtualMachines/jdk1.8.0_66.jdk/Contents/Home/jre/lib/ext/cldrdata.jar:/Library/Java/JavaVirtualMachines/jdk1.8.0_66.jdk/Contents/Home/jre/lib/ext/jfxrt.jar:/Library/Java/JavaVirtualMachines/jdk1.8.0_66.jdk/Contents/Home/jre/lib/ext/dnsns.jar:/Library/Java/JavaVirtualMachines/jdk1.8.0_66.jdk/Contents/Home/jre/lib/ext/localedata.jar:/Library/Java/JavaVirtualMachines/jdk1.8.0_66.jdk/Contents/Home/jre/lib/ext/sunjce_provider.jar:/Library/Java/JavaVirtualMachines/jdk1.8.0_66.jdk/Contents/Home/jre/lib/ext/sunpkcs11.jar:/Library/Java/JavaVirtualMachines/jdk1.8.0_66.jdk/Contents/Home/jre/lib/ext/jaccess.jar:/Library/Java/JavaVirtualMachines/jdk1.8.0_66.jdk/Contents/Home/jre/lib/ext/zipfs.jar:/System/Library/Java/Extensions/MRJToolkit.jar:/Users/erasmodominguezjimenez/Downloads/experoinc-java-dynamicproperties-algorithmic-test-47f5cf52c54a/target/test-classes:/Users/erasmodominguezjimenez/Downloads/experoinc-java-dynamicproperties-algorithmic-test-47f5cf52c54a/target/classes:/Users/erasmodominguezjimenez/.m2/repository/org/junit/jupiter/junit-jupiter-api/5.1.0/junit-jupiter-api-5.1.0.jar:/Users/erasmodominguezjimenez/.m2/repository/org/apiguardian/apiguardian-api/1.0.0/apiguardian-api-1.0.0.jar:/Users/erasmodominguezjimenez/.m2/repository/org/opentest4j/opentest4j/1.0.0/opent
Launcher Type: SUN_STANDARD

Environment Variables:
PATH=/usr/bin:/bin:/usr/sbin:/sbin
SHELL=/bin/zsh

Signal Handlers:
SIGSEGV: [libjvm.dylib+0x5a65d5], sa_mask[0]=11111111011111110111111111111111, sa_flags=SA_ONSTACK|SA_RESTART|SA_SIGINFO
SIGBUS: [libjvm.dylib+0x5a65d5], sa_mask[0]=11111111011111110111111111111111, sa_flags=SA_RESTART|SA_SIGINFO
SIGFPE: [libjvm.dylib+0x4802e8], sa_mask[0]=11111111011111110111111111111111, sa_flags=SA_RESTART|SA_SIGINFO
SIGPIPE: [libjvm.dylib+0x4802e8], sa_mask[0]=11111111011111110111111111111111, sa_flags=SA_RESTART|SA_SIGINFO
SIGXFSZ: [libjvm.dylib+0x4802e8], sa_mask[0]=11111111011111110111111111111111, sa_flags=SA_RESTART|SA_SIGINFO
SIGILL: [libjvm.dylib+0x4802e8], sa_mask[0]=11111111011111110111111111111111, sa_flags=SA_RESTART|SA_SIGINFO
SIGUSR1: SIG_DFL, sa_mask[0]=00000000000000000000000000000000, sa_flags=none
SIGUSR2: [libjvm.dylib+0x47fe06], sa_mask[0]=00100000000000000000000000000000, sa_flags=SA_RESTART|SA_SIGINFO
SIGHUP: [libjvm.dylib+0x47e3dd], sa_mask[0]=11111111011111110111111111111111, sa_flags=SA_RESTART|SA_SIGINFO
SIGINT: [libjvm.dylib+0x47e3dd], sa_mask[0]=11111111011111110111111111111111, sa_flags=SA_RESTART|SA_SIGINFO
SIGTERM: [libjvm.dylib+0x47e3dd], sa_mask[0]=11111111011111110111111111111111, sa_flags=SA_RESTART|SA_SIGINFO
SIGQUIT: [libjvm.dylib+0x47e3dd], sa_mask[0]=11111111011111110111111111111111, sa_flags=SA_RESTART|SA_SIGINFO


---------------  S Y S T E M  ---------------

OS:Bsduname:Darwin 17.5.0 Darwin Kernel Version 17.5.0: Fri Apr 13 19:32:32 PDT 2018; root:xnu-4570.51.2~1/RELEASE_X86_64 x86_64
rlimit: STACK 8192k, CORE 0k, NPROC 709, NOFILE 10240, AS infinity
load average:3.46 3.59 3.44

CPU:total 4 (2 cores per cpu, 2 threads per core) family 6 model 61 stepping 4, cmov, cx8, fxsr, mmx, sse, sse2, sse3, ssse3, sse4.1, sse4.2, popcnt, avx, avx2, aes, clmul, erms, 3dnowpref, lzcnt, ht, tsc, tscinvbit, bmi1, bmi2, adx

Memory: 4k page, physical 8388608k(93948k free)

/proc/meminfo:


vm_info: Java HotSpot(TM) 64-Bit Server VM (25.66-b17) for bsd-amd64 JRE (1.8.0_66-b17), built on Oct  6 2015 16:09:13 by "java_re" with gcc 4.2.1 (Based on Apple Inc. build 5658) (LLVM build 2336.11.00)

time: Sun May 20 08:25:01 2018
elapsed time: 151 seconds (0d 0h 2m 31s)

